2021-11-08 10:03:21 INFO  UserLog:19 - UserController: loginUser() invoked.
2021-11-08 10:03:21 INFO  UserLog:19 - UserService: verifyPassword() invoked.
2021-11-08 10:03:21 INFO  UserLog:19 - UserService: getEncrypteString() invoked.
2021-11-08 10:03:21 INFO  UserLog:19 - UserController: Login User: User with [User Name: edit]  was successfull.
2021-11-08 10:03:21 INFO  ItemLog:20 - ItemController: Get request recived responding with all menu items.
2021-11-08 10:03:21 INFO  ItemLog:20 - ItemService: Getting all items from DB.
2021-11-08 10:07:12 INFO  UserLog:19 - UserController: loginUser() invoked.
2021-11-08 10:07:12 INFO  UserLog:19 - UserService: verifyPassword() invoked.
2021-11-08 10:07:12 DEBUG UserLog:24 - UserService: There is no such user
2021-11-08 10:07:12 DEBUG UserLog:24 - UserController: Login User: User with [User Name: ediutt]  was unsuccessfull.
2021-11-08 14:21:08 INFO  UserLog:19 - UserController: loginUser() invoked.
2021-11-08 14:21:08 INFO  UserLog:19 - UserService: verifyPassword() invoked.
2021-11-08 14:21:08 INFO  UserLog:19 - UserService: getEncrypteString() invoked.
2021-11-08 14:21:08 DEBUG UserLog:24 - UserService: Passwords didn't matched
2021-11-08 14:21:08 DEBUG UserLog:24 - UserController: Login User: User with [User Name: pizzaboy]  was unsuccessfull.
2021-11-08 14:22:19 INFO  UserLog:19 - UserController: loginUser() invoked.
2021-11-08 14:22:19 INFO  UserLog:19 - UserService: verifyPassword() invoked.
2021-11-08 14:22:20 INFO  UserLog:19 - UserService: getEncrypteString() invoked.
2021-11-08 14:22:20 INFO  UserLog:19 - UserController: Login User: User with [User Name: edit]  was successfull.
2021-11-08 14:22:20 INFO  ItemLog:20 - ItemController: Get request recived responding with all menu items.
2021-11-08 14:22:20 INFO  ItemLog:20 - ItemService: Getting all items from DB.
2021-11-08 14:22:47 INFO  UserLog:19 - UserController: loginUser() invoked.
2021-11-08 14:22:47 INFO  UserLog:19 - UserService: verifyPassword() invoked.
2021-11-08 14:22:47 INFO  UserLog:19 - UserService: getEncrypteString() invoked.
2021-11-08 14:22:47 DEBUG UserLog:24 - UserService: Passwords didn't matched
2021-11-08 14:22:47 DEBUG UserLog:24 - UserController: Login User: User with [User Name: pizzaboy]  was unsuccessfull.
2021-11-08 14:29:14 INFO  UserLog:19 - UserController: loginUser() invoked.
2021-11-08 14:29:14 INFO  UserLog:19 - UserService: verifyPassword() invoked.
2021-11-08 14:29:14 INFO  UserLog:19 - UserService: getEncrypteString() invoked.
2021-11-08 14:29:14 INFO  UserLog:19 - UserService: getEncrypteString() invoked.
2021-11-08 14:29:14 DEBUG UserLog:24 - UserService: Passwords didn't matched
2021-11-08 14:29:14 DEBUG UserLog:24 - UserController: Login User: User with [User Name: pizzaboy]  was unsuccessfull.
2021-11-08 14:33:37 INFO  UserLog:19 - UserController: loginUser() invoked.
2021-11-08 14:33:37 INFO  UserLog:19 - UserService: verifyPassword() invoked.
2021-11-08 14:33:37 INFO  UserLog:19 - UserService: getEncrypteString() invoked.
2021-11-08 14:33:37 INFO  UserLog:19 - UserService: getEncrypteString() invoked.
2021-11-08 14:33:37 INFO  UserLog:19 - UserService: getEncrypteString() invoked.
2021-11-08 14:33:37 DEBUG UserLog:24 - UserService: Passwords didn't matched
2021-11-08 14:33:37 DEBUG UserLog:24 - UserController: Login User: User with [User Name: pizzaboy]  was unsuccessfull.
2021-11-08 14:36:34 INFO  UserLog:19 - UserController: loginUser() invoked.
2021-11-08 14:36:34 INFO  UserLog:19 - UserService: verifyPassword() invoked.
2021-11-08 14:36:34 INFO  UserLog:19 - UserService: getEncrypteString() invoked.
2021-11-08 14:36:34 DEBUG UserLog:24 - UserService: Passwords didn't matched
2021-11-08 14:36:34 DEBUG UserLog:24 - UserController: Login User: User with [User Name: pizzaboy]  was unsuccessfull.
